[21:06:13] [main/INFO] (FabricLoader/GameProvider) Loading Minecraft 1.21.11 with Fabric Loader 0.18.4
[21:06:14] [main/INFO] (FabricLoader) Loading 43 mods:
	- fabric-api 0.141.2+1.21.11
	- fabric-api-base 1.0.5+4ebb5c083e
	- fabric-api-lookup-api-v1 1.6.113+1fb1cde93e
	- fabric-biome-api-v1 17.1.1+4fc5413f3e
	- fabric-block-api-v1 1.1.10+4ebb5c083e
	- fabric-block-view-api-v2 1.0.39+4ebb5c083e
	- fabric-command-api-v2 2.4.7+6b42a6003e
	- fabric-content-registries-v0 10.2.14+4fc5413f3e
	- fabric-convention-tags-v1 2.1.55+7f945d5b3e
	- fabric-convention-tags-v2 2.17.3+8ef948ba3e
	- fabric-crash-report-info-v1 0.3.23+4ebb5c083e
	- fabric-data-attachment-api-v1 1.8.47+eed0806f3e
	- fabric-data-generation-api-v1 23.4.0+69974c4e3e
	- fabric-dimensions-v1 4.0.28+4fc5413f3e
	- fabric-entity-events-v1 3.1.1+1d0ab4303e
	- fabric-events-interaction-v0 4.1.0+3b89ecf63e
	- fabric-game-rule-api-v1 2.0.3+4fc5413f3e
	- fabric-gametest-api-v1 3.1.27+4fc5413f3e
	- fabric-item-api-v1 11.5.20+d0c46b9e3e
	- fabric-item-group-api-v1 4.2.36+4fc5413f3e
	- fabric-lifecycle-events-v1 2.6.15+4ebb5c083e
	- fabric-loot-api-v2 3.0.73+3f89f5a53e
	- fabric-loot-api-v3 2.0.20+78c8b4663e
	- fabric-message-api-v1 6.1.12+4ebb5c083e
	- fabric-networking-api-v1 5.1.5+ae1e07683e
	- fabric-object-builder-api-v1 21.1.39+4fc5413f3e
	- fabric-particles-v1 4.2.11+4fc5413f3e
	- fabric-recipe-api-v1 8.2.3+4ebb5c083e
	- fabric-registry-sync-v0 6.2.5+1718722b3e
	- fabric-rendering-fluids-v1 3.1.43+4ebb5c083e
	- fabric-resource-conditions-api-v1 5.0.35+4fc5413f3e
	- fabric-resource-loader-v0 3.3.4+4fc5413f3e
	- fabric-resource-loader-v1 1.0.10+78c8b4663e
	- fabric-screen-handler-api-v1 1.3.161+4fc5413f3e
	- fabric-serialization-api-v1 1.0.5+4ebb5c083e
	- fabric-tag-api-v1 1.2.20+4fc5413f3e
	- fabric-transfer-api-v1 6.0.24+4fc5413f3e
	- fabric-transitive-access-wideners-v1 7.1.0+014c8cec3e
	- fabricloader 0.18.4
	- java 21
	- minecraft 1.21.11
	- mixinextras 0.5.0
	- windfix 1.0.0
[21:06:14] [main/INFO] (FabricLoader/Mixin) SpongePowered MIXIN Subsystem Version=0.8.7 Source=file:/home/commandert3706/.gradle/caches/modules-2/files-2.1/net.fabricmc/sponge-mixin/0.17.0+mixin.0.8.7/cf31463202f72d03b0ef1e1e38e8ee71b7faaab6/sponge-mixin-0.17.0+mixin.0.8.7.jar Service=Knot/Fabric Env=SERVER
[21:06:14] [main/INFO] (FabricLoader/Mixin) Loaded Fabric development mappings for mixin remapper!
[21:06:14] [main/INFO] (FabricLoader/Mixin) Compatibility level set to JAVA_21
[21:06:14] [main/INFO] (FabricLoader/MixinExtras|Service) Initializing MixinExtras via com.llamalad7.mixinextras.service.MixinExtrasServiceImpl(version=0.5.0).
[21:06:17] [main/INFO] (wind-charge-fix) Hello Fabric world!
[21:06:17] [main/INFO] (Minecraft) Environment: Environment[sessionHost=https://sessionserver.mojang.com, servicesHost=https://api.minecraftservices.com, profilesHost=https://api.mojang.com, name=PROD]
[21:06:18] [main/INFO] (Minecraft) No existing world data, creating new world
[21:06:18] [main/INFO] (Minecraft) Loaded 1470 recipes
[21:06:18] [main/INFO] (Minecraft) Loaded 1584 advancements
[21:06:18] [main/INFO] (BiomeModificationImpl) Applied 0 biome modifications to 0 of 65 new biomes in 746.5 μs
[21:06:18] [Server thread/INFO] (Minecraft) Starting minecraft server version 1.21.11
[21:06:18] [Server thread/INFO] (Minecraft) Loading properties
[21:06:18] [Server thread/INFO] (Minecraft) Default game type: SURVIVAL
[21:06:18] [Server thread/INFO] (Minecraft) Generating keypair
[21:06:19] [Server thread/INFO] (Minecraft) Starting Minecraft server on *:25565
[21:06:19] [Server thread/INFO] (Minecraft) Preparing level "world"
[21:06:19] [Server thread/INFO] (Minecraft) Selecting global world spawn...
[21:06:21] [Server thread/INFO] (Minecraft) Loading 0 persistent chunks...
[21:06:21] [Server thread/INFO] (Minecraft) Preparing spawn area: 100%
[21:06:21] [Server thread/INFO] (Minecraft) Time elapsed: 1956 ms
[21:06:21] [Server thread/INFO] (Minecraft) Done (2.139s)! For help, type "help"
[21:06:30] [User Authenticator #1/INFO] (Minecraft) UUID of player CommanderT3706 is 2efc3175-f717-4d2a-99dc-ec3a43bda3fa
[21:06:33] [Server thread/INFO] (Minecraft) CommanderT3706[/127.0.0.1:36078] logged in with entity id 47 at (73.5, 69.0, -54.5)
[21:06:33] [Server thread/INFO] (Minecraft) CommanderT3706 joined the game
[21:06:39] [Server thread/INFO] (Minecraft) Made CommanderT3706 a server operator
[21:06:43] [Server thread/INFO] (Minecraft) [CommanderT3706: Set own game mode to Creative Mode]
[21:06:54] [Server thread/INFO] (Minecraft) CommanderT3706 has completed the challenge [Cover Me in Debris]
[21:06:57] [Server thread/INFO] (Minecraft) [CommanderT3706: Applied enchantment Blast Protection IV to CommanderT3706's item]
[21:06:59] [Server thread/INFO] (Minecraft) [CommanderT3706: Applied enchantment Blast Protection IV to CommanderT3706's item]
[21:07:00] [Server thread/INFO] (Minecraft) [CommanderT3706: Applied enchantment Blast Protection IV to CommanderT3706's item]
[21:07:01] [Server thread/INFO] (Minecraft) [CommanderT3706: Applied enchantment Blast Protection IV to CommanderT3706's item]
[21:07:10] [Server thread/INFO] (Minecraft) CommanderT3706 has made the advancement [Who Needs Rockets?]
[21:07:20] [Server thread/INFO] (Minecraft) [CommanderT3706: Applied enchantment Wind Burst I to CommanderT3706's item]
[21:07:30] [Server thread/INFO] (Minecraft) [CommanderT3706: Applied enchantment Wind Burst III to CommanderT3706's item]
[21:09:16] [Server thread/INFO] (Minecraft) CommanderT3706 lost connection: Disconnected
[21:09:16] [Server thread/INFO] (Minecraft) CommanderT3706 left the game
